This is pdfTeX, Version 3.14159265-2.6-1.40.19 (TeX Live 2018/W32TeX) (preloaded format=pdflatex 2018.5.15)  26 MAY 2018 14:13
entering extended mode
 restricted \write18 enabled.
 %&-line parsing enabled.
**HS.tex
(./HS.tex
LaTeX2e <2018-04-01> patch level 4
(d:/Programy/texlive/2018/texmf-dist/tex/latex/base/article.cls
Document Class: article 2014/09/29 v1.4h Standard LaTeX document class
(d:/Programy/texlive/2018/texmf-dist/tex/latex/base/size10.clo
File: size10.clo 2014/09/29 v1.4h Standard LaTeX file (size option)
)
\c@part=\count80
\c@section=\count81
\c@subsection=\count82
\c@subsubsection=\count83
\c@paragraph=\count84
\c@subparagraph=\count85
\c@figure=\count86
\c@table=\count87
\abovecaptionskip=\skip41
\belowcaptionskip=\skip42
\bibindent=\dimen102
)
(d:/Programy/texlive/2018/texmf-dist/tex/latex/listings/listings.sty
(d:/Programy/texlive/2018/texmf-dist/tex/latex/graphics/keyval.sty
Package: keyval 2014/10/28 v1.15 key=value parser (DPC)
\KV@toks@=\toks14
)
\lst@mode=\count88
\lst@gtempboxa=\box26
\lst@token=\toks15
\lst@length=\count89
\lst@currlwidth=\dimen103
\lst@column=\count90
\lst@pos=\count91
\lst@lostspace=\dimen104
\lst@width=\dimen105
\lst@newlines=\count92
\lst@lineno=\count93
\lst@maxwidth=\dimen106

(d:/Programy/texlive/2018/texmf-dist/tex/latex/listings/lstmisc.sty
File: lstmisc.sty 2015/06/04 1.6 (Carsten Heinz)
\c@lstnumber=\count94
\lst@skipnumbers=\count95
\lst@framebox=\box27
)
(d:/Programy/texlive/2018/texmf-dist/tex/latex/listings/listings.cfg
File: listings.cfg 2015/06/04 1.6 listings configuration
))
Package: listings 2015/06/04 1.6 (Carsten Heinz)

\@input{preambula.aux}
\openout2 = `preambula.aux'.

(./preambula.tex
(d:/Programy/texlive/2018/texmf-dist/tex/latex/hyperref/hyperref.sty
Package: hyperref 2018/02/06 v6.86b Hypertext links for LaTeX

(d:/Programy/texlive/2018/texmf-dist/tex/generic/oberdiek/hobsub-hyperref.sty
Package: hobsub-hyperref 2016/05/16 v1.14 Bundle oberdiek, subset hyperref (HO)


(d:/Programy/texlive/2018/texmf-dist/tex/generic/oberdiek/hobsub-generic.sty
Package: hobsub-generic 2016/05/16 v1.14 Bundle oberdiek, subset generic (HO)
Package: hobsub 2016/05/16 v1.14 Construct package bundles (HO)
Package: infwarerr 2016/05/16 v1.4 Providing info/warning/error messages (HO)
Package: ltxcmds 2016/05/16 v1.23 LaTeX kernel commands for general use (HO)
Package: ifluatex 2016/05/16 v1.4 Provides the ifluatex switch (HO)
Package ifluatex Info: LuaTeX not detected.
Package: ifvtex 2016/05/16 v1.6 Detect VTeX and its facilities (HO)
Package ifvtex Info: VTeX not detected.
Package: intcalc 2016/05/16 v1.2 Expandable calculations with integers (HO)
Package: ifpdf 2017/03/15 v3.2 Provides the ifpdf switch
Package: etexcmds 2016/05/16 v1.6 Avoid name clashes with e-TeX commands (HO)
Package etexcmds Info: Could not find \expanded.
(etexcmds)             That can mean that you are not using pdfTeX 1.50 or
(etexcmds)             that some package has redefined \expanded.
(etexcmds)             In the latter case, load this package earlier.
Package: kvsetkeys 2016/05/16 v1.17 Key value parser (HO)
Package: kvdefinekeys 2016/05/16 v1.4 Define keys (HO)
Package: pdftexcmds 2018/01/30 v0.27 Utility functions of pdfTeX for LuaTeX (HO
)
Package pdftexcmds Info: LuaTeX not detected.
Package pdftexcmds Info: \pdf@primitive is available.
Package pdftexcmds Info: \pdf@ifprimitive is available.
Package pdftexcmds Info: \pdfdraftmode found.
Package: pdfescape 2016/05/16 v1.14 Implements pdfTeX's escape features (HO)
Package: bigintcalc 2016/05/16 v1.4 Expandable calculations on big integers (HO
)
Package: bitset 2016/05/16 v1.2 Handle bit-vector datatype (HO)
Package: uniquecounter 2016/05/16 v1.3 Provide unlimited unique counter (HO)
)
Package hobsub Info: Skipping package `hobsub' (already loaded).
Package: letltxmacro 2016/05/16 v1.5 Let assignment for LaTeX macros (HO)
Package: hopatch 2016/05/16 v1.3 Wrapper for package hooks (HO)
Package: xcolor-patch 2016/05/16 xcolor patch
Package: atveryend 2016/05/16 v1.9 Hooks at the very end of document (HO)
Package atveryend Info: \enddocument detected (standard20110627).
Package: atbegshi 2016/06/09 v1.18 At begin shipout hook (HO)
Package: refcount 2016/05/16 v3.5 Data extraction from label references (HO)
Package: hycolor 2016/05/16 v1.8 Color options for hyperref/bookmark (HO)
)
(d:/Programy/texlive/2018/texmf-dist/tex/generic/ifxetex/ifxetex.sty
Package: ifxetex 2010/09/12 v0.6 Provides ifxetex conditional
)
(d:/Programy/texlive/2018/texmf-dist/tex/latex/oberdiek/auxhook.sty
Package: auxhook 2016/05/16 v1.4 Hooks for auxiliary files (HO)
)
(d:/Programy/texlive/2018/texmf-dist/tex/latex/oberdiek/kvoptions.sty
Package: kvoptions 2016/05/16 v3.12 Key value format for package options (HO)
)
\@linkdim=\dimen107
\Hy@linkcounter=\count96
\Hy@pagecounter=\count97

(d:/Programy/texlive/2018/texmf-dist/tex/latex/hyperref/pd1enc.def
File: pd1enc.def 2018/02/06 v6.86b Hyperref: PDFDocEncoding definition (HO)
Now handling font encoding PD1 ...
... no UTF-8 mapping file for font encoding PD1
)
\Hy@SavedSpaceFactor=\count98

(d:/Programy/texlive/2018/texmf-dist/tex/latex/latexconfig/hyperref.cfg
File: hyperref.cfg 2002/06/06 v1.2 hyperref configuration of TeXLive
)
Package hyperref Info: Option `bookmarks' set `true' on input line 4383.
Package hyperref Info: Option `bookmarksnumbered' set `false' on input line 438
3.
Package hyperref Info: Option `unicode' set `true' on input line 4383.

(d:/Programy/texlive/2018/texmf-dist/tex/latex/hyperref/puenc.def
File: puenc.def 2018/02/06 v6.86b Hyperref: PDF Unicode definition (HO)
Now handling font encoding PU ...
... no UTF-8 mapping file for font encoding PU
)

Package hyperref Warning: Unexpected value for option `pdftex'
(hyperref)                is ignored on input line 4383.

Package hyperref Info: Option `colorlinks' set `true' on input line 4383.
Package hyperref Info: Hyper figures OFF on input line 4509.
Package hyperref Info: Link nesting OFF on input line 4514.
Package hyperref Info: Hyper index ON on input line 4517.
Package hyperref Info: Plain pages OFF on input line 4524.
Package hyperref Info: Backreferencing OFF on input line 4529.
Package hyperref Info: Implicit mode ON; LaTeX internals redefined.
Package hyperref Info: Bookmarks ON on input line 4762.
\c@Hy@tempcnt=\count99
(d:/Programy/texlive/2018/texmf-dist/tex/latex/url/url.sty
\Urlmuskip=\muskip10
Package: url 2013/09/16  ver 3.4  Verb mode for urls, etc.
)
LaTeX Info: Redefining \url on input line 5115.
\XeTeXLinkMargin=\dimen108
\Fld@menulength=\count100
\Field@Width=\dimen109
\Fld@charsize=\dimen110
Package hyperref Info: Hyper figures OFF on input line 6369.
Package hyperref Info: Link nesting OFF on input line 6374.
Package hyperref Info: Hyper index ON on input line 6377.
Package hyperref Info: backreferencing OFF on input line 6384.
Package hyperref Info: Link coloring ON on input line 6387.
Package hyperref Info: Link coloring with OCG OFF on input line 6394.
Package hyperref Info: PDF/A mode OFF on input line 6399.
LaTeX Info: Redefining \ref on input line 6439.
LaTeX Info: Redefining \pageref on input line 6443.
\Hy@abspage=\count101
\c@Item=\count102
\c@Hfootnote=\count103
)
Package hyperref Info: Driver: hpdftex.

(d:/Programy/texlive/2018/texmf-dist/tex/latex/hyperref/hpdftex.def
File: hpdftex.def 2018/02/06 v6.86b Hyperref driver for pdfTeX
\Fld@listcount=\count104
\c@bookmark@seq@number=\count105

(d:/Programy/texlive/2018/texmf-dist/tex/latex/oberdiek/rerunfilecheck.sty
Package: rerunfilecheck 2016/05/16 v1.8 Rerun checks for auxiliary files (HO)
Package uniquecounter Info: New unique counter `rerunfilecheck' on input line 2
82.
)
\Hy@SectionHShift=\skip43
)
(d:/Programy/texlive/2018/texmf-dist/tex/latex/geometry/geometry.sty
Package: geometry 2018/04/16 v5.8 Page Geometry
\Gm@cnth=\count106
\Gm@cntv=\count107
\c@Gm@tempcnt=\count108
\Gm@bindingoffset=\dimen111
\Gm@wd@mp=\dimen112
\Gm@odd@mp=\dimen113
\Gm@even@mp=\dimen114
\Gm@layoutwidth=\dimen115
\Gm@layoutheight=\dimen116
\Gm@layouthoffset=\dimen117
\Gm@layoutvoffset=\dimen118
\Gm@dimlist=\toks16
)
(d:/Programy/texlive/2018/texmf-dist/tex/generic/babel/babel.sty
Package: babel 2018/05/10 3.21 The Babel package

(d:/Programy/texlive/2018/texmf-dist/tex/generic/babel/switch.def
File: switch.def 2018/05/10 3.21 Babel switching mechanism
)
(d:/Programy/texlive/2018/texmf-dist/tex/generic/babel-polish/polish.ldf
Language: polish 2005/03/31 v1.2l Polish support from the babel system

(d:/Programy/texlive/2018/texmf-dist/tex/generic/babel/babel.def
File: babel.def 2018/05/10 3.21 Babel common definitions
\babel@savecnt=\count109
\U@D=\dimen119

(d:/Programy/texlive/2018/texmf-dist/tex/generic/babel/txtbabel.def)
\bbl@dirlevel=\count110
)
Package babel Info: Making " an active character on input line 83.
\pl@left=\dimen120
\pl@down=\dimen121
\pl@right=\dimen122
\pl@temp=\dimen123
))
(d:/Programy/texlive/2018/texmf-dist/tex/latex/tools/indentfirst.sty
Package: indentfirst 1995/11/23 v1.03 Indent first paragraph (DPC)
)
(d:/Programy/texlive/2018/texmf-dist/tex/latex/base/inputenc.sty
Package: inputenc 2018/04/06 v1.3b Input encoding file
\inpenc@prehook=\toks17
\inpenc@posthook=\toks18
)
(d:/Programy/texlive/2018/texmf-dist/tex/latex/base/fontenc.sty
Package: fontenc 2017/04/05 v2.0i Standard LaTeX package

(d:/Programy/texlive/2018/texmf-dist/tex/latex/base/t1enc.def
File: t1enc.def 2017/04/05 v2.0i Standard LaTeX file
LaTeX Font Info:    Redeclaring font encoding T1 on input line 48.
))
(d:/Programy/texlive/2018/texmf-dist/tex/latex/graphics/graphicx.sty
Package: graphicx 2017/06/01 v1.1a Enhanced LaTeX Graphics (DPC,SPQR)

(d:/Programy/texlive/2018/texmf-dist/tex/latex/graphics/graphics.sty
Package: graphics 2017/06/25 v1.2c Standard LaTeX Graphics (DPC,SPQR)

(d:/Programy/texlive/2018/texmf-dist/tex/latex/graphics/trig.sty
Package: trig 2016/01/03 v1.10 sin cos tan (DPC)
)
(d:/Programy/texlive/2018/texmf-dist/tex/latex/graphics-cfg/graphics.cfg
File: graphics.cfg 2016/06/04 v1.11 sample graphics configuration
)
Package graphics Info: Driver file: pdftex.def on input line 99.

(d:/Programy/texlive/2018/texmf-dist/tex/latex/graphics-def/pdftex.def
File: pdftex.def 2018/01/08 v1.0l Graphics/color driver for pdftex
))
\Gin@req@height=\dimen124
\Gin@req@width=\dimen125
)
(d:/Programy/texlive/2018/texmf-dist/tex/latex/oberdiek/epstopdf.sty
Package: epstopdf 2016/05/15 v2.6 Conversion with epstopdf on the fly (HO)

(d:/Programy/texlive/2018/texmf-dist/tex/latex/oberdiek/epstopdf-base.sty
Package: epstopdf-base 2016/05/15 v2.6 Base part for package epstopdf

(d:/Programy/texlive/2018/texmf-dist/tex/latex/oberdiek/grfext.sty
Package: grfext 2016/05/16 v1.2 Manage graphics extensions (HO)
)
Package epstopdf-base Info: Redefining graphics rule for `.eps' on input line 4
38.
Package grfext Info: Graphics extension search list:
(grfext)             [.pdf,.png,.jpg,.mps,.jpeg,.jbig2,.jb2,.PDF,.PNG,.JPG,.JPE
G,.JBIG2,.JB2,.eps]
(grfext)             \AppendGraphicsExtensions on input line 456.

(d:/Programy/texlive/2018/texmf-dist/tex/latex/latexconfig/epstopdf-sys.cfg
File: epstopdf-sys.cfg 2010/07/13 v1.3 Configuration of (r)epstopdf for TeX Liv
e
))
Package grfext Info: Graphics extension search list:
(grfext)             [.eps,.pdf,.png,.jpg,.mps,.jpeg,.jbig2,.jb2,.PDF,.PNG,.JPG
,.JPEG,.JBIG2,.JB2]
(grfext)             \PrependGraphicsExtensions on input line 150.
)
(d:/Programy/texlive/2018/texmf-dist/tex/latex/graphics/rotating.sty
Package: rotating 2016/08/11 v2.16d rotated objects in LaTeX

(d:/Programy/texlive/2018/texmf-dist/tex/latex/base/ifthen.sty
Package: ifthen 2014/09/29 v1.1c Standard LaTeX ifthen package (DPC)
)
\c@r@tfl@t=\count111
\rotFPtop=\skip44
\rotFPbot=\skip45
\rot@float@box=\box28
\rot@mess@toks=\toks19
)
(d:/Programy/texlive/2018/texmf-dist/tex/latex/subfigure/subfigure.sty
Package: subfigure 2002/03/15 v2.1.5 subfigure package
\subfigtopskip=\skip46
\subfigcapskip=\skip47
\subfigcaptopadj=\dimen126
\subfigbottomskip=\skip48
\subfigcapmargin=\dimen127
\subfiglabelskip=\skip49
\c@subfigure=\count112
\c@lofdepth=\count113
\c@subtable=\count114
\c@lotdepth=\count115

****************************************
* Local config file subfigure.cfg used *
****************************************
(d:/Programy/texlive/2018/texmf-dist/tex/latex/subfigure/subfigure.cfg)
\subfig@top=\skip50
\subfig@bottom=\skip51
)
(d:/Programy/texlive/2018/texmf-dist/tex/latex/eepic/epic.sty
Enhancements to Picture Environment. Version 1.2 - Released June 1, 1986
\@@multicnt=\count116
\d@lta=\count117
\@delta=\dimen128
\@@delta=\dimen129
\@gridcnt=\count118
\@joinkind=\count119
\@dotgap=\dimen130
\@ddotgap=\dimen131
\@x@diff=\count120
\@y@diff=\count121
\x@diff=\dimen132
\y@diff=\dimen133
\@dotbox=\box29
\num@segments=\count122
\num@segmentsi=\count123
\@datafile=\read1
) (d:/Programy/texlive/2018/texmf-dist/tex/latex/psfrag/psfrag.sty
Package: psfrag 1998/04/11 v3.04 PSfrag (MCG)
\pfg@pcount=\count124
\pfg@scount=\count125
\pfg@temp=\write3
)
(d:/Programy/texlive/2018/texmf-dist/tex/latex/amsfonts/amsfonts.sty
Package: amsfonts 2013/01/14 v3.01 Basic AMSFonts support
\@emptytoks=\toks20
\symAMSa=\mathgroup4
\symAMSb=\mathgroup5
LaTeX Font Info:    Overwriting math alphabet `\mathfrak' in version `bold'
(Font)                  U/euf/m/n --> U/euf/b/n on input line 106.
)
(d:/Programy/texlive/2018/texmf-dist/tex/latex/amsmath/amsmath.sty
Package: amsmath 2017/09/02 v2.17a AMS math features
\@mathmargin=\skip52

For additional information on amsmath, use the `?' option.
(d:/Programy/texlive/2018/texmf-dist/tex/latex/amsmath/amstext.sty
Package: amstext 2000/06/29 v2.01 AMS text

(d:/Programy/texlive/2018/texmf-dist/tex/latex/amsmath/amsgen.sty
File: amsgen.sty 1999/11/30 v2.0 generic functions
\@emptytoks=\toks21
\ex@=\dimen134
))
(d:/Programy/texlive/2018/texmf-dist/tex/latex/amsmath/amsbsy.sty
Package: amsbsy 1999/11/29 v1.2d Bold Symbols
\pmbraise@=\dimen135
)
(d:/Programy/texlive/2018/texmf-dist/tex/latex/amsmath/amsopn.sty
Package: amsopn 2016/03/08 v2.02 operator names
)
\inf@bad=\count126
LaTeX Info: Redefining \frac on input line 213.
\uproot@=\count127
\leftroot@=\count128
LaTeX Info: Redefining \overline on input line 375.
\classnum@=\count129
\DOTSCASE@=\count130
LaTeX Info: Redefining \ldots on input line 472.
LaTeX Info: Redefining \dots on input line 475.
LaTeX Info: Redefining \cdots on input line 596.
\Mathstrutbox@=\box30
\strutbox@=\box31
\big@size=\dimen136
LaTeX Font Info:    Redeclaring font encoding OML on input line 712.
LaTeX Font Info:    Redeclaring font encoding OMS on input line 713.
\macc@depth=\count131
\c@MaxMatrixCols=\count132
\dotsspace@=\muskip11
\c@parentequation=\count133
\dspbrk@lvl=\count134
\tag@help=\toks22
\row@=\count135
\column@=\count136
\maxfields@=\count137
\andhelp@=\toks23
\eqnshift@=\dimen137
\alignsep@=\dimen138
\tagshift@=\dimen139
\tagwidth@=\dimen140
\totwidth@=\dimen141
\lineht@=\dimen142
\@envbody=\toks24
\multlinegap=\skip53
\multlinetaggap=\skip54
\mathdisplay@stack=\toks25
LaTeX Info: Redefining \[ on input line 2817.
LaTeX Info: Redefining \] on input line 2818.
)
(d:/Programy/texlive/2018/texmf-dist/tex/latex/fp/fp.sty
Package: fp 1995/04/02

`Fixed Point Package', Version 0.8, April 2, 1995 (C) Michael Mehlich
(d:/Programy/texlive/2018/texmf-dist/tex/latex/fp/defpattern.sty
Package: defpattern 1994/10/12
\actioncount=\count138
)
(d:/Programy/texlive/2018/texmf-dist/tex/latex/fp/fp-basic.sty
Package: fp-basic 1996/05/13
\FP@xs=\count139
\FP@xia=\count140
\FP@xib=\count141
\FP@xfa=\count142
\FP@xfb=\count143
\FP@rega=\count144
\FP@regb=\count145
\FP@regs=\count146
\FP@times=\count147
)
(d:/Programy/texlive/2018/texmf-dist/tex/latex/fp/fp-addons.sty
Package: fp-addons 1995/03/15
)
(d:/Programy/texlive/2018/texmf-dist/tex/latex/fp/fp-snap.sty
Package: fp-snap 1995/04/05
)
(d:/Programy/texlive/2018/texmf-dist/tex/latex/fp/fp-exp.sty
Package: fp-exp 1995/04/03
)
(d:/Programy/texlive/2018/texmf-dist/tex/latex/fp/fp-trigo.sty
Package: fp-trigo 1995/04/14
)
(d:/Programy/texlive/2018/texmf-dist/tex/latex/fp/fp-pas.sty
Package: fp-pas 1994/08/29
)
(d:/Programy/texlive/2018/texmf-dist/tex/latex/fp/fp-random.sty
Package: fp-random 1995/02/23
\FPseed=\count148
)
(d:/Programy/texlive/2018/texmf-dist/tex/latex/fp/fp-eqn.sty
Package: fp-eqn 1995/04/03
)
(d:/Programy/texlive/2018/texmf-dist/tex/latex/fp/fp-upn.sty
Package: fp-upn 1996/10/21
)
(d:/Programy/texlive/2018/texmf-dist/tex/latex/fp/fp-eval.sty
Package: fp-eval 1995/04/03
))
(d:/Programy/texlive/2018/texmf-dist/tex/latex/tools/calc.sty
Package: calc 2017/05/25 v4.3 Infix arithmetic (KKT,FJ)
\calc@Acount=\count149
\calc@Bcount=\count150
\calc@Adimen=\dimen143
\calc@Bdimen=\dimen144
\calc@Askip=\skip55
\calc@Bskip=\skip56
LaTeX Info: Redefining \setlength on input line 80.
LaTeX Info: Redefining \addtolength on input line 81.
\calc@Ccount=\count151
\calc@Cskip=\skip57
)
(d:/Programy/texlive/2018/texmf-dist/tex/latex/leftidx/leftidx.sty
Package: leftidx 2003/09/24 v1.03 Left indices
)
(d:/Programy/texlive/2018/texmf-dist/tex/latex/supertabular/supertabular.sty
Package: supertabular 2004/02/20 v4.1e the supertabular environment
\c@tracingst=\count152
\ST@wd=\dimen145
\ST@rightskip=\skip58
\ST@leftskip=\skip59
\ST@parfillskip=\skip60
\ST@pageleft=\dimen146
\ST@headht=\dimen147
\ST@tailht=\dimen148
\ST@pagesofar=\dimen149
\ST@pboxht=\dimen150
\ST@lineht=\dimen151
\ST@stretchht=\dimen152
\ST@prevht=\dimen153
\ST@toadd=\dimen154
\ST@dimen=\dimen155
\ST@pbox=\box32
)
(d:/Programy/texlive/2018/texmf-dist/tex/latex/tools/array.sty
Package: array 2018/04/30 v2.4h Tabular extension package (FMi)
\col@sep=\dimen156
\ar@mcellbox=\box33
\extrarowheight=\dimen157
\NC@list=\toks26
\extratabsurround=\skip61
\backup@length=\skip62
\ar@cellbox=\box34
)
(d:/Programy/texlive/2018/texmf-dist/tex/latex/tools/tabularx.sty
Package: tabularx 2016/02/03 v2.11b `tabularx' package (DPC)
\TX@col@width=\dimen158
\TX@old@table=\dimen159
\TX@old@col=\dimen160
\TX@target=\dimen161
\TX@delta=\dimen162
\TX@cols=\count153
\TX@ftn=\toks27
)
(d:/Programy/texlive/2018/texmf-dist/tex/latex/tools/hhline.sty
Package: hhline 2014/10/28 v2.03 Table rule package (DPC)
)
(d:/Programy/texlive/2018/texmf-dist/tex/latex/tools/longtable.sty
Package: longtable 2014/10/28 v4.11 Multi-page Table package (DPC)
\LTleft=\skip63
\LTright=\skip64
\LTpre=\skip65
\LTpost=\skip66
\LTchunksize=\count154
\LTcapwidth=\dimen163
\LT@head=\box35
\LT@firsthead=\box36
\LT@foot=\box37
\LT@lastfoot=\box38
\LT@cols=\count155
\LT@rows=\count156
\c@LT@tables=\count157
\c@LT@chunks=\count158
\LT@p@ftn=\toks28
)
(d:/Programy/texlive/2018/texmf-dist/tex/latex/tools/multicol.sty
Package: multicol 2018/04/20 v1.8s multicolumn formatting (FMi)
\c@tracingmulticols=\count159
\mult@box=\box39
\multicol@leftmargin=\dimen164
\c@unbalance=\count160
\c@collectmore=\count161
\doublecol@number=\count162
\multicoltolerance=\count163
\multicolpretolerance=\count164
\full@width=\dimen165
\page@free=\dimen166
\premulticols=\dimen167
\postmulticols=\dimen168
\multicolsep=\skip67
\multicolbaselineskip=\skip68
\partial@page=\box40
\last@line=\box41
\maxbalancingoverflow=\dimen169
\mult@rightbox=\box42
\mult@grightbox=\box43
\mult@gfirstbox=\box44
\mult@firstbox=\box45
\@tempa=\box46
\@tempa=\box47
\@tempa=\box48
\@tempa=\box49
\@tempa=\box50
\@tempa=\box51
\@tempa=\box52
\@tempa=\box53
\@tempa=\box54
\@tempa=\box55
\@tempa=\box56
\@tempa=\box57
\@tempa=\box58
\@tempa=\box59
\@tempa=\box60
\@tempa=\box61
\@tempa=\box62
\c@columnbadness=\count165
\c@finalcolumnbadness=\count166
\last@try=\dimen170
\multicolovershoot=\dimen171
\multicolundershoot=\dimen172
\mult@nat@firstbox=\box63
\colbreak@box=\box64
\mc@col@check@num=\count167
)
(d:/Programy/texlive/2018/texmf-dist/tex/latex/cite/cite.sty
LaTeX Info: Redefining \cite on input line 302.
LaTeX Info: Redefining \nocite on input line 332.
Package: cite 2015/02/27  v 5.5
)
(d:/Programy/texlive/2018/texmf-dist/tex/latex/float/float.sty
Package: float 2001/11/08 v1.3d Float enhancements (AL)
\c@float@type=\count168
\float@exts=\toks29
\float@box=\box65
\@float@everytoks=\toks30
\@floatcapt=\box66
)
(d:/Programy/texlive/2018/texmf-dist/tex/latex/graphics/color.sty
Package: color 2016/07/10 v1.1e Standard LaTeX Color (DPC)

(d:/Programy/texlive/2018/texmf-dist/tex/latex/graphics-cfg/color.cfg
File: color.cfg 2016/01/02 v1.6 sample color configuration
)
Package color Info: Driver file: pdftex.def on input line 147.
)
(d:/Programy/texlive/2018/texmf-dist/tex/latex/listings/lstlang1.sty
File: lstlang1.sty 2015/06/04 1.6 listings language file
)
(d:/Programy/texlive/2018/texmf-dist/tex/latex/tools/verbatim.sty
Package: verbatim 2014/10/28 v1.5q LaTeX2e package for verbatim enhancements
\every@verbatim=\toks31
\verbatim@line=\toks32
\verbatim@in@stream=\read2
)
(d:/Programy/texlive/2018/texmf-dist/tex/latex/upquote/upquote.sty
Package: upquote 2012/04/19 v1.3 upright-quote and grave-accent glyphs in verba
tim

(d:/Programy/texlive/2018/texmf-dist/tex/latex/base/textcomp.sty
Package: textcomp 2017/04/05 v2.0i Standard LaTeX package
Package textcomp Info: Sub-encoding information:
(textcomp)               5 = only ISO-Adobe without \textcurrency
(textcomp)               4 = 5 + \texteuro
(textcomp)               3 = 4 + \textohm
(textcomp)               2 = 3 + \textestimated + \textcurrency
(textcomp)               1 = TS1 - \textcircled - \t
(textcomp)               0 = TS1 (full)
(textcomp)             Font families with sub-encoding setting implement
(textcomp)             only a restricted character set as indicated.
(textcomp)             Family '?' is the default used for unknown fonts.
(textcomp)             See the documentation for details.
Package textcomp Info: Setting ? sub-encoding to TS1/1 on input line 79.

(d:/Programy/texlive/2018/texmf-dist/tex/latex/base/ts1enc.def
File: ts1enc.def 2001/06/05 v3.0e (jk/car/fm) Standard LaTeX file
Now handling font encoding TS1 ...
... processing UTF-8 mapping file for font encoding TS1

(d:/Programy/texlive/2018/texmf-dist/tex/latex/base/ts1enc.dfu
File: ts1enc.dfu 2018/04/05 v1.2c UTF-8 support for inputenc
   defining Unicode char U+00A2 (decimal 162)
   defining Unicode char U+00A3 (decimal 163)
   defining Unicode char U+00A4 (decimal 164)
   defining Unicode char U+00A5 (decimal 165)
   defining Unicode char U+00A6 (decimal 166)
   defining Unicode char U+00A7 (decimal 167)
   defining Unicode char U+00A8 (decimal 168)
   defining Unicode char U+00A9 (decimal 169)
   defining Unicode char U+00AA (decimal 170)
   defining Unicode char U+00AC (decimal 172)
   defining Unicode char U+00AE (decimal 174)
   defining Unicode char U+00AF (decimal 175)
   defining Unicode char U+00B0 (decimal 176)
   defining Unicode char U+00B1 (decimal 177)
   defining Unicode char U+00B2 (decimal 178)
   defining Unicode char U+00B3 (decimal 179)
   defining Unicode char U+00B4 (decimal 180)
   defining Unicode char U+00B5 (decimal 181)
   defining Unicode char U+00B6 (decimal 182)
   defining Unicode char U+00B7 (decimal 183)
   defining Unicode char U+00B9 (decimal 185)
   defining Unicode char U+00BA (decimal 186)
   defining Unicode char U+00BC (decimal 188)
   defining Unicode char U+00BD (decimal 189)
   defining Unicode char U+00BE (decimal 190)
   defining Unicode char U+00D7 (decimal 215)
   defining Unicode char U+00F7 (decimal 247)
   defining Unicode char U+0192 (decimal 402)
   defining Unicode char U+02C7 (decimal 711)
   defining Unicode char U+02D8 (decimal 728)
   defining Unicode char U+02DD (decimal 733)
   defining Unicode char U+0E3F (decimal 3647)
   defining Unicode char U+2016 (decimal 8214)
   defining Unicode char U+2020 (decimal 8224)
   defining Unicode char U+2021 (decimal 8225)
   defining Unicode char U+2022 (decimal 8226)
   defining Unicode char U+2030 (decimal 8240)
   defining Unicode char U+2031 (decimal 8241)
   defining Unicode char U+203B (decimal 8251)
   defining Unicode char U+203D (decimal 8253)
   defining Unicode char U+2044 (decimal 8260)
   defining Unicode char U+204E (decimal 8270)
   defining Unicode char U+2052 (decimal 8274)
   defining Unicode char U+20A1 (decimal 8353)
   defining Unicode char U+20A4 (decimal 8356)
   defining Unicode char U+20A6 (decimal 8358)
   defining Unicode char U+20A9 (decimal 8361)
   defining Unicode char U+20AB (decimal 8363)
   defining Unicode char U+20AC (decimal 8364)
   defining Unicode char U+20B1 (decimal 8369)
   defining Unicode char U+2103 (decimal 8451)
   defining Unicode char U+2116 (decimal 8470)
   defining Unicode char U+2117 (decimal 8471)
   defining Unicode char U+211E (decimal 8478)
   defining Unicode char U+2120 (decimal 8480)
   defining Unicode char U+2122 (decimal 8482)
   defining Unicode char U+2126 (decimal 8486)
   defining Unicode char U+2127 (decimal 8487)
   defining Unicode char U+212E (decimal 8494)
   defining Unicode char U+2190 (decimal 8592)
   defining Unicode char U+2191 (decimal 8593)
   defining Unicode char U+2192 (decimal 8594)
   defining Unicode char U+2193 (decimal 8595)
   defining Unicode char U+2329 (decimal 9001)
   defining Unicode char U+232A (decimal 9002)
   defining Unicode char U+2422 (decimal 9250)
   defining Unicode char U+25E6 (decimal 9702)
   defining Unicode char U+25EF (decimal 9711)
   defining Unicode char U+266A (decimal 9834)
   defining Unicode char U+FEFF (decimal 65279)
))
LaTeX Info: Redefining \oldstylenums on input line 334.
Package textcomp Info: Setting cmr sub-encoding to TS1/0 on input line 349.
Package textcomp Info: Setting cmss sub-encoding to TS1/0 on input line 350.
Package textcomp Info: Setting cmtt sub-encoding to TS1/0 on input line 351.
Package textcomp Info: Setting cmvtt sub-encoding to TS1/0 on input line 352.
Package textcomp Info: Setting cmbr sub-encoding to TS1/0 on input line 353.
Package textcomp Info: Setting cmtl sub-encoding to TS1/0 on input line 354.
Package textcomp Info: Setting ccr sub-encoding to TS1/0 on input line 355.
Package textcomp Info: Setting ptm sub-encoding to TS1/4 on input line 356.
Package textcomp Info: Setting pcr sub-encoding to TS1/4 on input line 357.
Package textcomp Info: Setting phv sub-encoding to TS1/4 on input line 358.
Package textcomp Info: Setting ppl sub-encoding to TS1/3 on input line 359.
Package textcomp Info: Setting pag sub-encoding to TS1/4 on input line 360.
Package textcomp Info: Setting pbk sub-encoding to TS1/4 on input line 361.
Package textcomp Info: Setting pnc sub-encoding to TS1/4 on input line 362.
Package textcomp Info: Setting pzc sub-encoding to TS1/4 on input line 363.
Package textcomp Info: Setting bch sub-encoding to TS1/4 on input line 364.
Package textcomp Info: Setting put sub-encoding to TS1/5 on input line 365.
Package textcomp Info: Setting uag sub-encoding to TS1/5 on input line 366.
Package textcomp Info: Setting ugq sub-encoding to TS1/5 on input line 367.
Package textcomp Info: Setting ul8 sub-encoding to TS1/4 on input line 368.
Package textcomp Info: Setting ul9 sub-encoding to TS1/4 on input line 369.
Package textcomp Info: Setting augie sub-encoding to TS1/5 on input line 370.
Package textcomp Info: Setting dayrom sub-encoding to TS1/3 on input line 371.
Package textcomp Info: Setting dayroms sub-encoding to TS1/3 on input line 372.

Package textcomp Info: Setting pxr sub-encoding to TS1/0 on input line 373.
Package textcomp Info: Setting pxss sub-encoding to TS1/0 on input line 374.
Package textcomp Info: Setting pxtt sub-encoding to TS1/0 on input line 375.
Package textcomp Info: Setting txr sub-encoding to TS1/0 on input line 376.
Package textcomp Info: Setting txss sub-encoding to TS1/0 on input line 377.
Package textcomp Info: Setting txtt sub-encoding to TS1/0 on input line 378.
Package textcomp Info: Setting lmr sub-encoding to TS1/0 on input line 379.
Package textcomp Info: Setting lmdh sub-encoding to TS1/0 on input line 380.
Package textcomp Info: Setting lmss sub-encoding to TS1/0 on input line 381.
Package textcomp Info: Setting lmssq sub-encoding to TS1/0 on input line 382.
Package textcomp Info: Setting lmvtt sub-encoding to TS1/0 on input line 383.
Package textcomp Info: Setting lmtt sub-encoding to TS1/0 on input line 384.
Package textcomp Info: Setting qhv sub-encoding to TS1/0 on input line 385.
Package textcomp Info: Setting qag sub-encoding to TS1/0 on input line 386.
Package textcomp Info: Setting qbk sub-encoding to TS1/0 on input line 387.
Package textcomp Info: Setting qcr sub-encoding to TS1/0 on input line 388.
Package textcomp Info: Setting qcs sub-encoding to TS1/0 on input line 389.
Package textcomp Info: Setting qpl sub-encoding to TS1/0 on input line 390.
Package textcomp Info: Setting qtm sub-encoding to TS1/0 on input line 391.
Package textcomp Info: Setting qzc sub-encoding to TS1/0 on input line 392.
Package textcomp Info: Setting qhvc sub-encoding to TS1/0 on input line 393.
Package textcomp Info: Setting futs sub-encoding to TS1/4 on input line 394.
Package textcomp Info: Setting futx sub-encoding to TS1/4 on input line 395.
Package textcomp Info: Setting futj sub-encoding to TS1/4 on input line 396.
Package textcomp Info: Setting hlh sub-encoding to TS1/3 on input line 397.
Package textcomp Info: Setting hls sub-encoding to TS1/3 on input line 398.
Package textcomp Info: Setting hlst sub-encoding to TS1/3 on input line 399.
Package textcomp Info: Setting hlct sub-encoding to TS1/5 on input line 400.
Package textcomp Info: Setting hlx sub-encoding to TS1/5 on input line 401.
Package textcomp Info: Setting hlce sub-encoding to TS1/5 on input line 402.
Package textcomp Info: Setting hlcn sub-encoding to TS1/5 on input line 403.
Package textcomp Info: Setting hlcw sub-encoding to TS1/5 on input line 404.
Package textcomp Info: Setting hlcf sub-encoding to TS1/5 on input line 405.
Package textcomp Info: Setting pplx sub-encoding to TS1/3 on input line 406.
Package textcomp Info: Setting pplj sub-encoding to TS1/3 on input line 407.
Package textcomp Info: Setting ptmx sub-encoding to TS1/4 on input line 408.
Package textcomp Info: Setting ptmj sub-encoding to TS1/4 on input line 409.
))
\c@Dn=\count169
\c@Ex=\count170

(d:/Programy/texlive/2018/texmf-dist/tex/latex/forest/forest.sty
Package: forest 2017/07/14 v2.1.5 Drawing (linguistic) trees

(d:/Programy/texlive/2018/texmf-dist/tex/latex/pgf/frontendlayer/tikz.sty
(d:/Programy/texlive/2018/texmf-dist/tex/latex/pgf/basiclayer/pgf.sty
(d:/Programy/texlive/2018/texmf-dist/tex/latex/pgf/utilities/pgfrcs.sty
(d:/Programy/texlive/2018/texmf-dist/tex/generic/pgf/utilities/pgfutil-common.t
ex
\pgfutil@everybye=\toks33
\pgfutil@tempdima=\dimen173
\pgfutil@tempdimb=\dimen174

(d:/Programy/texlive/2018/texmf-dist/tex/generic/pgf/utilities/pgfutil-common-l
ists.tex))
(d:/Programy/texlive/2018/texmf-dist/tex/generic/pgf/utilities/pgfutil-latex.de
f
\pgfutil@abb=\box67
 (d:/Programy/texlive/2018/texmf-dist/tex/latex/ms/everyshi.sty
Package: everyshi 2001/05/15 v3.00 EveryShipout Package (MS)
))
(d:/Programy/texlive/2018/texmf-dist/tex/generic/pgf/utilities/pgfrcs.code.tex
Package: pgfrcs 2015/08/07 v3.0.1a (rcs-revision 1.31)
))
Package: pgf 2015/08/07 v3.0.1a (rcs-revision 1.15)
 (d:/Programy/texlive/2018/texmf-dist/tex/latex/pgf/basiclayer/pgfcore.sty
(d:/Programy/texlive/2018/texmf-dist/tex/latex/pgf/systemlayer/pgfsys.sty
(d:/Programy/texlive/2018/texmf-dist/tex/generic/pgf/systemlayer/pgfsys.code.te
x
Package: pgfsys 2014/07/09 v3.0.1a (rcs-revision 1.48)

(d:/Programy/texlive/2018/texmf-dist/tex/generic/pgf/utilities/pgfkeys.code.tex
\pgfkeys@pathtoks=\toks34
\pgfkeys@temptoks=\toks35

(d:/Programy/texlive/2018/texmf-dist/tex/generic/pgf/utilities/pgfkeysfiltered.
code.tex
\pgfkeys@tmptoks=\toks36
))
\pgf@x=\dimen175
\pgf@y=\dimen176
\pgf@xa=\dimen177
\pgf@ya=\dimen178
\pgf@xb=\dimen179
\pgf@yb=\dimen180
\pgf@xc=\dimen181
\pgf@yc=\dimen182
\w@pgf@writea=\write4
\r@pgf@reada=\read3
\c@pgf@counta=\count171
\c@pgf@countb=\count172
\c@pgf@countc=\count173
\c@pgf@countd=\count174
\t@pgf@toka=\toks37
\t@pgf@tokb=\toks38
\t@pgf@tokc=\toks39

(d:/Programy/texlive/2018/texmf-dist/tex/generic/pgf/systemlayer/pgf.cfg
File: pgf.cfg 2008/05/14  (rcs-revision 1.7)
)
Driver file for pgf: pgfsys-pdftex.def

(d:/Programy/texlive/2018/texmf-dist/tex/generic/pgf/systemlayer/pgfsys-pdftex.
def
File: pgfsys-pdftex.def 2014/10/11  (rcs-revision 1.35)

(d:/Programy/texlive/2018/texmf-dist/tex/generic/pgf/systemlayer/pgfsys-common-
pdf.def
File: pgfsys-common-pdf.def 2013/10/10  (rcs-revision 1.13)
)))
(d:/Programy/texlive/2018/texmf-dist/tex/generic/pgf/systemlayer/pgfsyssoftpath
.code.tex
File: pgfsyssoftpath.code.tex 2013/09/09  (rcs-revision 1.9)
\pgfsyssoftpath@smallbuffer@items=\count175
\pgfsyssoftpath@bigbuffer@items=\count176
)
(d:/Programy/texlive/2018/texmf-dist/tex/generic/pgf/systemlayer/pgfsysprotocol
.code.tex
File: pgfsysprotocol.code.tex 2006/10/16  (rcs-revision 1.4)
)) (d:/Programy/texlive/2018/texmf-dist/tex/latex/xcolor/xcolor.sty
Package: xcolor 2016/05/11 v2.12 LaTeX color extensions (UK)

(d:/Programy/texlive/2018/texmf-dist/tex/latex/graphics-cfg/color.cfg
File: color.cfg 2016/01/02 v1.6 sample color configuration
)
Package xcolor Info: Driver file: pdftex.def on input line 225.
LaTeX Info: Redefining \color on input line 709.
Package xcolor Info: Model `cmy' substituted by `cmy0' on input line 1348.
Package xcolor Info: Model `hsb' substituted by `rgb' on input line 1352.
Package xcolor Info: Model `RGB' extended on input line 1364.
Package xcolor Info: Model `HTML' substituted by `rgb' on input line 1366.
Package xcolor Info: Model `Hsb' substituted by `hsb' on input line 1367.
Package xcolor Info: Model `tHsb' substituted by `hsb' on input line 1368.
Package xcolor Info: Model `HSB' substituted by `hsb' on input line 1369.
Package xcolor Info: Model `Gray' substituted by `gray' on input line 1370.
Package xcolor Info: Model `wave' substituted by `hsb' on input line 1371.
)
(d:/Programy/texlive/2018/texmf-dist/tex/generic/pgf/basiclayer/pgfcore.code.te
x
Package: pgfcore 2010/04/11 v3.0.1a (rcs-revision 1.7)
 (d:/Programy/texlive/2018/texmf-dist/tex/generic/pgf/math/pgfmath.code.tex
(d:/Programy/texlive/2018/texmf-dist/tex/generic/pgf/math/pgfmathcalc.code.tex
(d:/Programy/texlive/2018/texmf-dist/tex/generic/pgf/math/pgfmathutil.code.tex)

(d:/Programy/texlive/2018/texmf-dist/tex/generic/pgf/math/pgfmathparser.code.te
x
\pgfmath@dimen=\dimen183
\pgfmath@count=\count177
\pgfmath@box=\box68
\pgfmath@toks=\toks40
\pgfmath@stack@operand=\toks41
\pgfmath@stack@operation=\toks42
)
(d:/Programy/texlive/2018/texmf-dist/tex/generic/pgf/math/pgfmathfunctions.code
.tex
(d:/Programy/texlive/2018/texmf-dist/tex/generic/pgf/math/pgfmathfunctions.basi
c.code.tex)
(d:/Programy/texlive/2018/texmf-dist/tex/generic/pgf/math/pgfmathfunctions.trig
onometric.code.tex)
(d:/Programy/texlive/2018/texmf-dist/tex/generic/pgf/math/pgfmathfunctions.rand
om.code.tex)
(d:/Programy/texlive/2018/texmf-dist/tex/generic/pgf/math/pgfmathfunctions.comp
arison.code.tex)
(d:/Programy/texlive/2018/texmf-dist/tex/generic/pgf/math/pgfmathfunctions.base
.code.tex)
(d:/Programy/texlive/2018/texmf-dist/tex/generic/pgf/math/pgfmathfunctions.roun
d.code.tex)
(d:/Programy/texlive/2018/texmf-dist/tex/generic/pgf/math/pgfmathfunctions.misc
.code.tex)
(d:/Programy/texlive/2018/texmf-dist/tex/generic/pgf/math/pgfmathfunctions.inte
gerarithmetics.code.tex)))
(d:/Programy/texlive/2018/texmf-dist/tex/generic/pgf/math/pgfmathfloat.code.tex
\c@pgfmathroundto@lastzeros=\count178
))
(d:/Programy/texlive/2018/texmf-dist/tex/generic/pgf/basiclayer/pgfcorepoints.c
ode.tex
File: pgfcorepoints.code.tex 2013/10/07  (rcs-revision 1.27)
\pgf@picminx=\dimen184
\pgf@picmaxx=\dimen185
\pgf@picminy=\dimen186
\pgf@picmaxy=\dimen187
\pgf@pathminx=\dimen188
\pgf@pathmaxx=\dimen189
\pgf@pathminy=\dimen190
\pgf@pathmaxy=\dimen191
\pgf@xx=\dimen192
\pgf@xy=\dimen193
\pgf@yx=\dimen194
\pgf@yy=\dimen195
\pgf@zx=\dimen196
\pgf@zy=\dimen197
)
(d:/Programy/texlive/2018/texmf-dist/tex/generic/pgf/basiclayer/pgfcorepathcons
truct.code.tex
File: pgfcorepathconstruct.code.tex 2013/10/07  (rcs-revision 1.29)
\pgf@path@lastx=\dimen198
\pgf@path@lasty=\dimen199
)
(d:/Programy/texlive/2018/texmf-dist/tex/generic/pgf/basiclayer/pgfcorepathusag
e.code.tex
File: pgfcorepathusage.code.tex 2014/11/02  (rcs-revision 1.24)
\pgf@shorten@end@additional=\dimen256
\pgf@shorten@start@additional=\dimen257
)
(d:/Programy/texlive/2018/texmf-dist/tex/generic/pgf/basiclayer/pgfcorescopes.c
ode.tex
File: pgfcorescopes.code.tex 2015/05/08  (rcs-revision 1.46)
\pgfpic=\box69
\pgf@hbox=\box70
\pgf@layerbox@main=\box71
\pgf@picture@serial@count=\count179
)
(d:/Programy/texlive/2018/texmf-dist/tex/generic/pgf/basiclayer/pgfcoregraphics
tate.code.tex
File: pgfcoregraphicstate.code.tex 2014/11/02  (rcs-revision 1.12)
\pgflinewidth=\dimen258
)
(d:/Programy/texlive/2018/texmf-dist/tex/generic/pgf/basiclayer/pgfcoretransfor
mations.code.tex
File: pgfcoretransformations.code.tex 2015/08/07  (rcs-revision 1.20)
\pgf@pt@x=\dimen259
\pgf@pt@y=\dimen260
\pgf@pt@temp=\dimen261
)
(d:/Programy/texlive/2018/texmf-dist/tex/generic/pgf/basiclayer/pgfcorequick.co
de.tex
File: pgfcorequick.code.tex 2008/10/09  (rcs-revision 1.3)
)
(d:/Programy/texlive/2018/texmf-dist/tex/generic/pgf/basiclayer/pgfcoreobjects.
code.tex
File: pgfcoreobjects.code.tex 2006/10/11  (rcs-revision 1.2)
)
(d:/Programy/texlive/2018/texmf-dist/tex/generic/pgf/basiclayer/pgfcorepathproc
essing.code.tex
File: pgfcorepathprocessing.code.tex 2013/09/09  (rcs-revision 1.9)
)
(d:/Programy/texlive/2018/texmf-dist/tex/generic/pgf/basiclayer/pgfcorearrows.c
ode.tex
File: pgfcorearrows.code.tex 2015/05/14  (rcs-revision 1.43)
\pgfarrowsep=\dimen262
)
(d:/Programy/texlive/2018/texmf-dist/tex/generic/pgf/basiclayer/pgfcoreshade.co
de.tex
File: pgfcoreshade.code.tex 2013/07/15  (rcs-revision 1.15)
\pgf@max=\dimen263
\pgf@sys@shading@range@num=\count180
)
(d:/Programy/texlive/2018/texmf-dist/tex/generic/pgf/basiclayer/pgfcoreimage.co
de.tex
File: pgfcoreimage.code.tex 2013/07/15  (rcs-revision 1.18)

(d:/Programy/texlive/2018/texmf-dist/tex/generic/pgf/basiclayer/pgfcoreexternal
.code.tex
File: pgfcoreexternal.code.tex 2014/07/09  (rcs-revision 1.21)
\pgfexternal@startupbox=\box72
))
(d:/Programy/texlive/2018/texmf-dist/tex/generic/pgf/basiclayer/pgfcorelayers.c
ode.tex
File: pgfcorelayers.code.tex 2013/07/18  (rcs-revision 1.7)
)
(d:/Programy/texlive/2018/texmf-dist/tex/generic/pgf/basiclayer/pgfcoretranspar
ency.code.tex
File: pgfcoretransparency.code.tex 2013/09/30  (rcs-revision 1.5)
)
(d:/Programy/texlive/2018/texmf-dist/tex/generic/pgf/basiclayer/pgfcorepatterns
.code.tex
File: pgfcorepatterns.code.tex 2013/11/07  (rcs-revision 1.5)
)))
(d:/Programy/texlive/2018/texmf-dist/tex/generic/pgf/modules/pgfmoduleshapes.co
de.tex
File: pgfmoduleshapes.code.tex 2014/03/21  (rcs-revision 1.35)
\pgfnodeparttextbox=\box73
)
(d:/Programy/texlive/2018/texmf-dist/tex/generic/pgf/modules/pgfmoduleplot.code
.tex
File: pgfmoduleplot.code.tex 2015/08/03  (rcs-revision 1.13)
)
(d:/Programy/texlive/2018/texmf-dist/tex/latex/pgf/compatibility/pgfcomp-versio
n-0-65.sty
Package: pgfcomp-version-0-65 2007/07/03 v3.0.1a (rcs-revision 1.7)
\pgf@nodesepstart=\dimen264
\pgf@nodesepend=\dimen265
)
(d:/Programy/texlive/2018/texmf-dist/tex/latex/pgf/compatibility/pgfcomp-versio
n-1-18.sty
Package: pgfcomp-version-1-18 2007/07/23 v3.0.1a (rcs-revision 1.1)
))
(d:/Programy/texlive/2018/texmf-dist/tex/latex/pgf/utilities/pgffor.sty
(d:/Programy/texlive/2018/texmf-dist/tex/latex/pgf/utilities/pgfkeys.sty
(d:/Programy/texlive/2018/texmf-dist/tex/generic/pgf/utilities/pgfkeys.code.tex
)) (d:/Programy/texlive/2018/texmf-dist/tex/latex/pgf/math/pgfmath.sty
(d:/Programy/texlive/2018/texmf-dist/tex/generic/pgf/math/pgfmath.code.tex))
(d:/Programy/texlive/2018/texmf-dist/tex/generic/pgf/utilities/pgffor.code.tex
Package: pgffor 2013/12/13 v3.0.1a (rcs-revision 1.25)

(d:/Programy/texlive/2018/texmf-dist/tex/generic/pgf/math/pgfmath.code.tex)
\pgffor@iter=\dimen266
\pgffor@skip=\dimen267
\pgffor@stack=\toks43
\pgffor@toks=\toks44
))
(d:/Programy/texlive/2018/texmf-dist/tex/generic/pgf/frontendlayer/tikz/tikz.co
de.tex
Package: tikz 2015/08/07 v3.0.1a (rcs-revision 1.151)

(d:/Programy/texlive/2018/texmf-dist/tex/generic/pgf/libraries/pgflibraryplotha
ndlers.code.tex
File: pgflibraryplothandlers.code.tex 2013/08/31 v3.0.1a (rcs-revision 1.20)
\pgf@plot@mark@count=\count181
\pgfplotmarksize=\dimen268
)
\tikz@lastx=\dimen269
\tikz@lasty=\dimen270
\tikz@lastxsaved=\dimen271
\tikz@lastysaved=\dimen272
\tikzleveldistance=\dimen273
\tikzsiblingdistance=\dimen274
\tikz@figbox=\box74
\tikz@figbox@bg=\box75
\tikz@tempbox=\box76
\tikz@tempbox@bg=\box77
\tikztreelevel=\count182
\tikznumberofchildren=\count183
\tikznumberofcurrentchild=\count184
\tikz@fig@count=\count185

(d:/Programy/texlive/2018/texmf-dist/tex/generic/pgf/modules/pgfmodulematrix.co
de.tex
File: pgfmodulematrix.code.tex 2013/09/17  (rcs-revision 1.8)
\pgfmatrixcurrentrow=\count186
\pgfmatrixcurrentcolumn=\count187
\pgf@matrix@numberofcolumns=\count188
)
\tikz@expandcount=\count189

(d:/Programy/texlive/2018/texmf-dist/tex/generic/pgf/frontendlayer/tikz/librari
es/tikzlibrarytopaths.code.tex
File: tikzlibrarytopaths.code.tex 2008/06/17 v3.0.1a (rcs-revision 1.2)
)))
(d:/Programy/texlive/2018/texmf-dist/tex/generic/pgf/frontendlayer/tikz/librari
es/tikzlibraryshapes.code.tex
File: tikzlibraryshapes.code.tex 2008/01/09 v3.0.1a (rcs-revision 1.1)

(d:/Programy/texlive/2018/texmf-dist/tex/generic/pgf/frontendlayer/tikz/librari
es/tikzlibraryshapes.geometric.code.tex
File: tikzlibraryshapes.geometric.code.tex 2008/01/09 v3.0.1a (rcs-revision 1.1
)

(d:/Programy/texlive/2018/texmf-dist/tex/generic/pgf/libraries/shapes/pgflibrar
yshapes.geometric.code.tex
File: pgflibraryshapes.geometric.code.tex 2008/06/26 v3.0.1a (rcs-revision 1.1)

))
(d:/Programy/texlive/2018/texmf-dist/tex/generic/pgf/frontendlayer/tikz/librari
es/tikzlibraryshapes.misc.code.tex
File: tikzlibraryshapes.misc.code.tex 2008/01/09 v3.0.1a (rcs-revision 1.1)

(d:/Programy/texlive/2018/texmf-dist/tex/generic/pgf/libraries/shapes/pgflibrar
yshapes.misc.code.tex
File: pgflibraryshapes.misc.code.tex 2013/07/18 v3.0.1a (rcs-revision 1.5)
))
(d:/Programy/texlive/2018/texmf-dist/tex/generic/pgf/frontendlayer/tikz/librari
es/tikzlibraryshapes.symbols.code.tex
File: tikzlibraryshapes.symbols.code.tex 2008/01/09 v3.0.1a (rcs-revision 1.1)

(d:/Programy/texlive/2018/texmf-dist/tex/generic/pgf/libraries/shapes/pgflibrar
yshapes.symbols.code.tex
File: pgflibraryshapes.symbols.code.tex 2013/09/11 v3.0.1a (rcs-revision 1.6)
))
(d:/Programy/texlive/2018/texmf-dist/tex/generic/pgf/frontendlayer/tikz/librari
es/tikzlibraryshapes.arrows.code.tex
File: tikzlibraryshapes.arrows.code.tex 2008/01/09 v3.0.1a (rcs-revision 1.1)

(d:/Programy/texlive/2018/texmf-dist/tex/generic/pgf/libraries/shapes/pgflibrar
yshapes.arrows.code.tex
File: pgflibraryshapes.arrows.code.tex 2008/06/26 v3.0.1a (rcs-revision 1.1)
))
(d:/Programy/texlive/2018/texmf-dist/tex/generic/pgf/frontendlayer/tikz/librari
es/tikzlibraryshapes.callouts.code.tex
(d:/Programy/texlive/2018/texmf-dist/tex/generic/pgf/libraries/shapes/pgflibrar
yshapes.callouts.code.tex))
(d:/Programy/texlive/2018/texmf-dist/tex/generic/pgf/frontendlayer/tikz/librari
es/tikzlibraryshapes.multipart.code.tex
File: tikzlibraryshapes.multipart.code.tex 2008/01/09 v3.0.1a (rcs-revision 1.1
)

(d:/Programy/texlive/2018/texmf-dist/tex/generic/pgf/libraries/shapes/pgflibrar
yshapes.multipart.code.tex
File: pgflibraryshapes.multipart.code.tex 2010/01/07 v3.0.1a (rcs-revision 1.2)

\pgfnodepartlowerbox=\box78
\pgfnodeparttwobox=\box79
\pgfnodepartthreebox=\box80
\pgfnodepartfourbox=\box81
\pgfnodeparttwentybox=\box82
\pgfnodepartnineteenbox=\box83
\pgfnodeparteighteenbox=\box84
\pgfnodepartseventeenbox=\box85
\pgfnodepartsixteenbox=\box86
\pgfnodepartfifteenbox=\box87
\pgfnodepartfourteenbox=\box88
\pgfnodepartthirteenbox=\box89
\pgfnodeparttwelvebox=\box90
\pgfnodepartelevenbox=\box91
\pgfnodeparttenbox=\box92
\pgfnodepartninebox=\box93
\pgfnodeparteightbox=\box94
\pgfnodepartsevenbox=\box95
\pgfnodepartsixbox=\box96
\pgfnodepartfivebox=\box97
)))
(d:/Programy/texlive/2018/texmf-dist/tex/generic/pgf/frontendlayer/tikz/librari
es/tikzlibraryfit.code.tex
File: tikzlibraryfit.code.tex 2013/07/12 v3.0.1a (rcs-revision 1.5)
)
(d:/Programy/texlive/2018/texmf-dist/tex/generic/pgf/frontendlayer/tikz/librari
es/tikzlibrarycalc.code.tex
File: tikzlibrarycalc.code.tex 2013/07/15 v3.0.1a (rcs-revision 1.9)
)
(d:/Programy/texlive/2018/texmf-dist/tex/generic/pgf/libraries/pgflibraryinters
ections.code.tex
(d:/Programy/texlive/2018/texmf-dist/tex/generic/pgf/libraries/pgflibraryfpu.co
de.tex)
\pgf@intersect@solutions=\count190
) (d:/Programy/texlive/2018/texmf-dist/tex/latex/pgfopts/pgfopts.sty
Package: pgfopts 2014/07/10 v2.1a LaTeX package options with pgfkeys
\pgfopts@list@add@a@toks=\toks45
\pgfopts@list@add@b@toks=\toks46
)
(d:/Programy/texlive/2018/texmf-dist/tex/latex/etoolbox/etoolbox.sty
Package: etoolbox 2018/02/11 v2.5e e-TeX tools for LaTeX (JAW)
\etb@tempcnta=\count191
)
(d:/Programy/texlive/2018/texmf-dist/tex/latex/elocalloc/elocalloc.sty
Package: elocalloc 2016/12/15 v0.03 local allocation for LaTeX 2015+ (DPC)
)
(d:/Programy/texlive/2018/texmf-dist/tex/latex/environ/environ.sty
Package: environ 2014/05/04 v0.3 A new way to define environments

(d:/Programy/texlive/2018/texmf-dist/tex/latex/trimspaces/trimspaces.sty
Package: trimspaces 2009/09/17 v1.1 Trim spaces around a token list
))
(d:/Programy/texlive/2018/texmf-dist/tex/latex/l3packages/xparse/xparse.sty
(d:/Programy/texlive/2018/texmf-dist/tex/latex/l3kernel/expl3.sty
Package: expl3 2018-05-13 L3 programming layer (loader) 

(d:/Programy/texlive/2018/texmf-dist/tex/latex/l3kernel/expl3-code.tex
Package: expl3 2018-05-13 L3 programming layer (code)
\c_max_int=\count192
\l_tmpa_int=\count193
\l_tmpb_int=\count194
\g_tmpa_int=\count195
\g_tmpb_int=\count196
\g__kernel_prg_map_int=\count197
\c_log_iow=\count198
\l_iow_line_count_int=\count199
\l__iow_line_target_int=\count266
\l__iow_one_indent_int=\count267
\l__iow_indent_int=\count268
\c_zero_dim=\dimen275
\c_max_dim=\dimen276
\l_tmpa_dim=\dimen277
\l_tmpb_dim=\dimen278
\g_tmpa_dim=\dimen279
\g_tmpb_dim=\dimen280
\c_zero_skip=\skip69
\c_max_skip=\skip70
\l_tmpa_skip=\skip71
\l_tmpb_skip=\skip72
\g_tmpa_skip=\skip73
\g_tmpb_skip=\skip74
\c_zero_muskip=\muskip12
\c_max_muskip=\muskip13
\l_tmpa_muskip=\muskip14
\l_tmpb_muskip=\muskip15
\g_tmpa_muskip=\muskip16
\g_tmpb_muskip=\muskip17
\l_keys_choice_int=\count269
\l__intarray_loop_int=\count270
\c__intarray_sp_dim=\dimen281
\g__intarray_font_int=\count271
\c__fp_leading_shift_int=\count272
\c__fp_middle_shift_int=\count273
\c__fp_trailing_shift_int=\count274
\c__fp_big_leading_shift_int=\count275
\c__fp_big_middle_shift_int=\count276
\c__fp_big_trailing_shift_int=\count277
\c__fp_Bigg_leading_shift_int=\count278
\c__fp_Bigg_middle_shift_int=\count279
\c__fp_Bigg_trailing_shift_int=\count280
\c__kernel_randint_max_int=\count281
\g__fp_array_int=\count282
\l__fp_array_loop_int=\count283
\l__sort_length_int=\count284
\l__sort_min_int=\count285
\l__sort_top_int=\count286
\l__sort_max_int=\count287
\l__sort_true_max_int=\count288
\l__sort_block_int=\count289
\l__sort_begin_int=\count290
\l__sort_end_int=\count291
\l__sort_A_int=\count292
\l__sort_B_int=\count293
\l__sort_C_int=\count294
\l__tl_analysis_normal_int=\count295
\l__tl_analysis_index_int=\count296
\l__tl_analysis_nesting_int=\count297
\l__tl_analysis_type_int=\count298
\l__regex_internal_a_int=\count299
\l__regex_internal_b_int=\count300
\l__regex_internal_c_int=\count301
\l__regex_balance_int=\count302
\l__regex_group_level_int=\count303
\l__regex_mode_int=\count304
\c__regex_cs_in_class_mode_int=\count305
\c__regex_cs_mode_int=\count306
\l__regex_catcodes_int=\count307
\l__regex_default_catcodes_int=\count308
\c__regex_catcode_D_int=\count309
\c__regex_catcode_S_int=\count310
\c__regex_catcode_L_int=\count311
\c__regex_catcode_O_int=\count312
\c__regex_catcode_A_int=\count313
\c__regex_all_catcodes_int=\count314
\l__regex_show_lines_int=\count315
\l__regex_min_state_int=\count316
\l__regex_max_state_int=\count317
\l__regex_left_state_int=\count318
\l__regex_right_state_int=\count319
\l__regex_capturing_group_int=\count320
\l__regex_min_pos_int=\count321
\l__regex_max_pos_int=\count322
\l__regex_curr_pos_int=\count323
\l__regex_start_pos_int=\count324
\l__regex_success_pos_int=\count325
\l__regex_curr_char_int=\count326
\l__regex_curr_catcode_int=\count327
\l__regex_last_char_int=\count328
\l__regex_case_changed_char_int=\count329
\l__regex_curr_state_int=\count330
\l__regex_step_int=\count331
\l__regex_min_active_int=\count332
\l__regex_max_active_int=\count333
\l__regex_replacement_csnames_int=\count334
\l__regex_match_count_int=\count335
\l__regex_min_submatch_int=\count336
\l__regex_submatch_int=\count337
\l__regex_zeroth_submatch_int=\count338
\g__regex_trace_regex_int=\count339
\c_empty_box=\box98
\l_tmpa_box=\box99
\l_tmpb_box=\box100
\g_tmpa_box=\box101
\g_tmpb_box=\box102
\l__box_top_dim=\dimen282
\l__box_bottom_dim=\dimen283
\l__box_left_dim=\dimen284
\l__box_right_dim=\dimen285
\l__box_top_new_dim=\dimen286
\l__box_bottom_new_dim=\dimen287
\l__box_left_new_dim=\dimen288
\l__box_right_new_dim=\dimen289
\l__box_internal_box=\box103
\l__coffin_internal_box=\box104
\l__coffin_internal_dim=\dimen290
\l__coffin_offset_x_dim=\dimen291
\l__coffin_offset_y_dim=\dimen292
\l__coffin_x_dim=\dimen293
\l__coffin_y_dim=\dimen294
\l__coffin_x_prime_dim=\dimen295
\l__coffin_y_prime_dim=\dimen296
\c_empty_coffin=\box105
\l__coffin_aligned_coffin=\box106
\l__coffin_aligned_internal_coffin=\box107
\l_tmpa_coffin=\box108
\l_tmpb_coffin=\box109
\l__coffin_display_coffin=\box110
\l__coffin_display_coord_coffin=\box111
\l__coffin_display_pole_coffin=\box112
\l__coffin_display_offset_dim=\dimen297
\l__coffin_display_x_dim=\dimen298
\l__coffin_display_y_dim=\dimen299
\g__file_internal_ior=\read4
\l__coffin_bounding_shift_dim=\dimen300
\l__coffin_left_corner_dim=\dimen301
\l__coffin_right_corner_dim=\dimen302
\l__coffin_bottom_corner_dim=\dimen303
\l__coffin_top_corner_dim=\dimen304
\l__coffin_scaled_total_height_dim=\dimen305
\l__coffin_scaled_width_dim=\dimen306
\l__seq_internal_a_int=\count340
\l__seq_internal_b_int=\count341
)
(d:/Programy/texlive/2018/texmf-dist/tex/latex/l3kernel/l3pdfmode.def
File: l3pdfmode.def 2018-05-13 v L3 Experimental driver: PDF mode
\l__driver_color_stack_int=\count342
))
Package: xparse 2018-05-12 L3 Experimental document command parser
\l__xparse_current_arg_int=\count343
\g__xparse_grabber_int=\count344
\l__xparse_m_args_int=\count345
\l__xparse_mandatory_args_int=\count346
\l__xparse_v_nesting_int=\count347
)
(d:/Programy/texlive/2018/texmf-dist/tex/latex/inlinedef/inlinedef.sty
Package: inlinedef 2008/07/10 v1.0 Inlined expansions within definitions
\ID@toks=\toks47
\ID@count=\count348
)
\ID@usercommands=\toks48
.................................................
. LaTeX info: "xparse/define-command"
. 
. Defining command \useforestlibrary with sig. 's O{} m' on line 166.
.................................................
.................................................
. LaTeX info: "xparse/define-command"
. 
. Defining command \ProvidesForestLibrary with sig. 'm O{}' on line 176.
.................................................
\safeloop@depth=\count349
\safeRKloop@depth=\count350
\forest@temp@dimen=\dimen307
\forest@temp@count=\count351
\forest@n=\count352
\forest@temp@global@count=\count353
\forest@temp@toks=\toks49
\forest@temparray@M=\count354
\forest@temparray@N=\count355
\forest@global@temparray@M=\count356
\forest@global@temparray@N=\count357
\forest@isnum@count=\count358
\forest@isdim@nonintpart=\count359
\forest@isdim@dimen=\dimen308
\forest@sort@m=\count360
\forest@sort@k=\count361
\forest@sort@p=\count362
\bracket@content=\toks50
\bracket@afterthought=\toks51
\forest@node@maxid=\count363
.................................................
. LaTeX info: "xparse/define-command"
. 
. Defining command \forestdebugtypeouttrees with sig. 'o' on line 2303.
.................................................
.................................................
. LaTeX info: "xparse/define-command"
. 
. Defining command \forestdebugtypeouttree with sig. 'd() O{\forest@cn }' on
. line 2348.
.................................................
\forest@process@left@M=\count364
\forest@process@left@N=\count365
\forest@process@right@M=\count366
\forest@process@right@N=\count367
\forest@process@saved@M=\count368
\forest@process@saved@N=\count369
\forest@process@result@M=\count370
\forest@process@result@N=\count371
\forest@process@n=\count372
\forest@nodewalk@branch@toks=\toks52
\forest@nodewalk@shortsteps@resolution=\toks53
\forest@do@dynamics=\toks54
\forest@box=\box113
\forest@xg=\dimen309
\forest@yg=\dimen310
\forest@xs=\dimen311
\forest@ys=\dimen312
\forest@pi@toks=\toks55
\forest@segment@toks=\toks56
\forest@PIi@toks=\toks57
\forest@PIii@toks=\toks58
\forest@copy@in=\read5
\forest@copy@out=\write5
.................................................
. LaTeX info: "xparse/define-environment"
. 
. Defining environment 'forest' with sig. 'D(){}' on line 8510.
.................................................
.................................................
. LaTeX info: "xparse/define-command"
. 
. Defining command \Forest with sig. 's D(){} m' on line 8515.
.................................................
\forest@externalize@max@outer@n=\count373
\forest@externalize@inner@n=\count374
)
(d:/Programy/texlive/2018/texmf-dist/tex/latex/forest/forest-lib-edges.sty
Package: forest-lib-edges 2016/12/05 v0.1.1
))
(./HS.aux)
\openout1 = `HS.aux'.

LaTeX Font Info:    Checking defaults for OML/cmm/m/it on input line 18.
LaTeX Font Info:    ... okay on input line 18.
LaTeX Font Info:    Checking defaults for T1/cmr/m/n on input line 18.
LaTeX Font Info:    ... okay on input line 18.
LaTeX Font Info:    Checking defaults for OT1/cmr/m/n on input line 18.
LaTeX Font Info:    ... okay on input line 18.
LaTeX Font Info:    Checking defaults for OMS/cmsy/m/n on input line 18.
LaTeX Font Info:    ... okay on input line 18.
LaTeX Font Info:    Checking defaults for OMX/cmex/m/n on input line 18.
LaTeX Font Info:    ... okay on input line 18.
LaTeX Font Info:    Checking defaults for U/cmr/m/n on input line 18.
LaTeX Font Info:    ... okay on input line 18.
LaTeX Font Info:    Checking defaults for PD1/pdf/m/n on input line 18.
LaTeX Font Info:    ... okay on input line 18.
LaTeX Font Info:    Checking defaults for PU/pdf/m/n on input line 18.
LaTeX Font Info:    ... okay on input line 18.
LaTeX Font Info:    Checking defaults for TS1/cmr/m/n on input line 18.
LaTeX Font Info:    Try loading font information for TS1+cmr on input line 18.
 (d:/Programy/texlive/2018/texmf-dist/tex/latex/base/ts1cmr.fd
File: ts1cmr.fd 2014/09/29 v2.5h Standard LaTeX font definitions
)
LaTeX Font Info:    ... okay on input line 18.
\c@lstlisting=\count375
\AtBeginShipoutBox=\box114
Package hyperref Info: Link coloring ON on input line 18.

(d:/Programy/texlive/2018/texmf-dist/tex/latex/hyperref/nameref.sty
Package: nameref 2016/05/21 v2.44 Cross-referencing by name of section

(d:/Programy/texlive/2018/texmf-dist/tex/generic/oberdiek/gettitlestring.sty
Package: gettitlestring 2016/05/16 v1.5 Cleanup title references (HO)
)
\c@section@level=\count376
)
LaTeX Info: Redefining \ref on input line 18.
LaTeX Info: Redefining \pageref on input line 18.
LaTeX Info: Redefining \nameref on input line 18.

(./HS.out) (./HS.out)
\@outlinefile=\write6
\openout6 = `HS.out'.


*geometry* driver: auto-detecting
*geometry* detected driver: pdftex
*geometry* verbose mode - [ preamble ] result:
* driver: pdftex
* paper: a4paper
* layout: <same size as paper>
* layoutoffset:(h,v)=(0.0pt,0.0pt)
* modes: 
* h-part:(L,W,R)=(71.13188pt, 455.24411pt, 71.13188pt)
* v-part:(T,H,B)=(71.13188pt, 702.78308pt, 71.13188pt)
* \paperwidth=597.50787pt
* \paperheight=845.04684pt
* \textwidth=455.24411pt
* \textheight=702.78308pt
* \oddsidemargin=-1.1381pt
* \evensidemargin=-1.1381pt
* \topmargin=-47.28133pt
* \headheight=12.0pt
* \headsep=34.14322pt
* \topskip=10.0pt
* \footskip=30.0pt
* \marginparwidth=57.0pt
* \marginparsep=11.0pt
* \columnsep=10.0pt
* \skip\footins=9.0pt plus 4.0pt minus 2.0pt
* \hoffset=0.0pt
* \voffset=0.0pt
* \mag=1000
* \@twocolumnfalse
* \@twosidefalse
* \@mparswitchfalse
* \@reversemarginfalse
* (1in=72.27pt=25.4mm, 1cm=28.453pt)

(d:/Programy/texlive/2018/texmf-dist/tex/context/base/mkii/supp-pdf.mkii
[Loading MPS to PDF converter (version 2006.09.02).]
\scratchcounter=\count377
\scratchdimen=\dimen313
\scratchbox=\box115
\nofMPsegments=\count378
\nofMParguments=\count379
\everyMPshowfont=\toks59
\MPscratchCnt=\count380
\MPscratchDim=\dimen314
\MPnumerator=\count381
\makeMPintoPDFobject=\count382
\everyMPtoPDFconversion=\toks60
) ABD: EveryShipout initializing macros [1
Non-PDF special ignored!
<special> header=psfrag.pro



{d:/Programy/texlive/2018/texmf-var/fonts/map/pdftex/updmap/pdftex.map}]
(./HS.toc
LaTeX Font Info:    Try loading font information for U+msa on input line 5.
 (d:/Programy/texlive/2018/texmf-dist/tex/latex/amsfonts/umsa.fd
File: umsa.fd 2013/01/14 v3.01 AMS symbols A
)
LaTeX Font Info:    Try loading font information for U+msb on input line 5.

(d:/Programy/texlive/2018/texmf-dist/tex/latex/amsfonts/umsb.fd
File: umsb.fd 2013/01/14 v3.01 AMS symbols B
)
LaTeX Font Info:    Try loading font information for T1+cmtt on input line 10.

(d:/Programy/texlive/2018/texmf-dist/tex/latex/base/t1cmtt.fd
File: t1cmtt.fd 2014/09/29 v2.5h Standard LaTeX font definitions
))
\tf@toc=\write7
\openout7 = `HS.toc'.

pdfTeX warning (ext4): destination with the same identifier (name{page.1}) has 
been already used, duplicate ignored
<to be read again> 
                   \relax 
l.41 \newpage
              [1]

LaTeX Warning: Reference `sec:podsumowanie' on page 2 undefined on input line 4
7.

[2pdfTeX warning (ext4): destination with the same identifier (name{figure.1}) 
has been already used, duplicate ignored

\AtBegShi@Output ...ipout \box \AtBeginShipoutBox 
                                                  \fi \fi 
l.70 
     ]
<images/1.PNG, id=183, 972.63374pt x 630.10406pt>
File: images/1.PNG Graphic file (type png)
<use images/1.PNG>
Package pdftex.def Info: images/1.PNG  used on input line 77.
(pdftex.def)             Requested size: 227.62206pt x 147.45914pt.
<images/3.PNG, id=184, 972.63374pt x 630.10406pt>
File: images/3.PNG Graphic file (type png)
<use images/3.PNG>
Package pdftex.def Info: images/3.PNG  used on input line 83.
(pdftex.def)             Requested size: 227.62206pt x 147.45914pt.
<images/2.PNG, id=185, 971.12813pt x 628.59843pt>
File: images/2.PNG Graphic file (type png)
<use images/2.PNG>
Package pdftex.def Info: images/2.PNG  used on input line 91.
(pdftex.def)             Requested size: 409.71692pt x 265.1989pt.

Overfull \hbox (2.22168pt too wide) in paragraph at lines 75--95
[][] [] 
 []


Underfull \hbox (badness 10000) in paragraph at lines 75--95

 []

[3pdfTeX warning (ext4): destination with the same identifier (name{figure.2}) 
has been already used, duplicate ignored

\AtBegShi@Output ...ipout \box \AtBeginShipoutBox 
                                                  \fi \fi 
l.101 
      pdfTeX warning (ext4): destination with the same identifier (name{figure.
3}) has been already used, duplicate ignored

\AtBegShi@Output ...ipout \box \AtBeginShipoutBox 
                                                  \fi \fi 
l.101 
      pdfTeX warning (ext4): destination with the same identifier (name{figure.
4}) has been already used, duplicate ignored

\AtBegShi@Output ...ipout \box \AtBeginShipoutBox 
                                                  \fi \fi 
l.101 
       <./images/1.PNG> <./images/3.PNG> <./images/2.PNG>] [4]
Underfull \hbox (badness 2980) in paragraph at lines 121--158
\T1/cmtt/m/n/10 ArgumentGenerationRules \T1/cmr/m/n/10 jest klas prze-cho-wu-j
c za-sady ge-ne-ro-wa-nia ar-gu-men-tw. Klasa
 []


Underfull \hbox (badness 10000) in paragraph at lines 121--158

 []

[5] [6]
<images/11.PNG, id=218, 972.63374pt x 630.10406pt>
File: images/11.PNG Graphic file (type png)
<use images/11.PNG>
Package pdftex.def Info: images/11.PNG  used on input line 176.
(pdftex.def)             Requested size: 409.71692pt x 265.42068pt.
<images/12.PNG, id=220, 972.63374pt x 630.10406pt>
File: images/12.PNG Graphic file (type png)
<use images/12.PNG>
Package pdftex.def Info: images/12.PNG  used on input line 186.
(pdftex.def)             Requested size: 227.62206pt x 147.45914pt.
<images/17.PNG, id=221, 972.63374pt x 630.10406pt>
File: images/17.PNG Graphic file (type png)
<use images/17.PNG>
Package pdftex.def Info: images/17.PNG  used on input line 191.
(pdftex.def)             Requested size: 227.62206pt x 147.45914pt.
<images/16.PNG, id=222, 972.63374pt x 630.10406pt>
File: images/16.PNG Graphic file (type png)
<use images/16.PNG>
Package pdftex.def Info: images/16.PNG  used on input line 197.
(pdftex.def)             Requested size: 227.62206pt x 147.45914pt.
<images/14.PNG, id=223, 972.63374pt x 630.10406pt>
File: images/14.PNG Graphic file (type png)
<use images/14.PNG>
Package pdftex.def Info: images/14.PNG  used on input line 202.
(pdftex.def)             Requested size: 227.62206pt x 147.45914pt.

Overfull \hbox (2.22168pt too wide) in paragraph at lines 184--206
[][] [] 
 []


Underfull \hbox (badness 10000) in paragraph at lines 184--206

 []


Overfull \hbox (2.22168pt too wide) in paragraph at lines 184--206
[] []
 []

[7pdfTeX warning (ext4): destination with the same identifier (name{figure.5}) 
has been already used, duplicate ignored

\AtBegShi@Output ...ipout \box \AtBeginShipoutBox 
                                                  \fi \fi 
l.211 ...+x_{2}^{4}-0.62x_{1}^{2}-0.62x_{2}^{2}$$.
                                                   Pocztkowo zakres dla ar...
 <./images/11.PNG>] [8pdfTeX warning (ext4): destination with the same identifi
er (name{figure.6}) has been already used, duplicate ignored

\AtBegShi@Output ...ipout \box \AtBeginShipoutBox 
                                                  \fi \fi 
l.211 ...+x_{2}^{4}-0.62x_{1}^{2}-0.62x_{2}^{2}$$.
                                                   Pocztkowo zakres dla ar...
pdfTeX warning (ext4): destination with the same identifier (name{figure.7}) ha
s been already used, duplicate ignored

\AtBegShi@Output ...ipout \box \AtBeginShipoutBox 
                                                  \fi \fi 
l.211 ...+x_{2}^{4}-0.62x_{1}^{2}-0.62x_{2}^{2}$$.
                                                   Pocztkowo zakres dla ar...
pdfTeX warning (ext4): destination with the same identifier (name{figure.8}) ha
s been already used, duplicate ignored

\AtBegShi@Output ...ipout \box \AtBeginShipoutBox 
                                                  \fi \fi 
l.211 ...+x_{2}^{4}-0.62x_{1}^{2}-0.62x_{2}^{2}$$.
                                                   Pocztkowo zakres dla ar...
pdfTeX warning (ext4): destination with the same identifier (name{figure.9}) ha
s been already used, duplicate ignored

\AtBegShi@Output ...ipout \box \AtBeginShipoutBox 
                                                  \fi \fi 
l.211 ...+x_{2}^{4}-0.62x_{1}^{2}-0.62x_{2}^{2}$$.
                                                   Pocztkowo zakres dla ar...
pdfTeX warning (ext4): destination with the same identifier (name{figure.10}) h
as been already used, duplicate ignored

\AtBegShi@Output ...ipout \box \AtBeginShipoutBox 
                                                  \fi \fi 
l.211 ...+x_{2}^{4}-0.62x_{1}^{2}-0.62x_{2}^{2}$$.
                                                   Pocztkowo zakres dla ar...
 <./images/12.PNG> <./images/17.PNG> <./images/16.PNG> <./images/14.PNG>]
<images/21.PNG, id=239, 972.63374pt x 630.10406pt>
File: images/21.PNG Graphic file (type png)
<use images/21.PNG>
Package pdftex.def Info: images/21.PNG  used on input line 214.
(pdftex.def)             Requested size: 409.71692pt x 265.42068pt.
<images/22.PNG, id=240, 972.63374pt x 630.10406pt>
File: images/22.PNG Graphic file (type png)
<use images/22.PNG>
Package pdftex.def Info: images/22.PNG  used on input line 225.
(pdftex.def)             Requested size: 227.62206pt x 147.45914pt.
<images/23.PNG, id=241, 972.63374pt x 630.10406pt>
File: images/23.PNG Graphic file (type png)
<use images/23.PNG>
Package pdftex.def Info: images/23.PNG  used on input line 229.
(pdftex.def)             Requested size: 227.62206pt x 147.45914pt.

Overfull \hbox (2.22168pt too wide) in paragraph at lines 223--232
[][] []
 []

[9pdfTeX warning (ext4): destination with the same identifier (name{figure.11})
 has been already used, duplicate ignored

\AtBegShi@Output ...ipout \box \AtBeginShipoutBox 
                                                  \fi \fi 
l.237 ...2}-11)^{2}+(x_{1}+x_{2}^{2}-7)^{2}-200$$.
                                                   Dla pokazania, e funkcj...
pdfTeX warning (ext4): destination with the same identifier (name{figure.12}) h
as been already used, duplicate ignored

\AtBegShi@Output ...ipout \box \AtBeginShipoutBox 
                                                  \fi \fi 
l.237 ...2}-11)^{2}+(x_{1}+x_{2}^{2}-7)^{2}-200$$.
                                                   Dla pokazania, e funkcj...
 <./images/21.PNG> <./images/22.PNG> <./images/23.PNG>]

LaTeX Warning: Reference `fig:5' on page 10 undefined on input line 237.

<images/31.PNG, id=249, 1296.845pt x 840.13875pt>
File: images/31.PNG Graphic file (type png)
<use images/31.PNG>
Package pdftex.def Info: images/31.PNG  used on input line 241.
(pdftex.def)             Requested size: 227.62206pt x 147.46234pt.
<images/32.PNG, id=250, 972.63374pt x 630.10406pt>
File: images/32.PNG Graphic file (type png)
<use images/32.PNG>
Package pdftex.def Info: images/32.PNG  used on input line 245.
(pdftex.def)             Requested size: 227.62206pt x 147.45914pt.

Overfull \hbox (2.22168pt too wide) in paragraph at lines 239--248
[][] []
 []

<images/41.PNG, id=252, 972.63374pt x 630.10406pt>
File: images/41.PNG Graphic file (type png)
<use images/41.PNG>
Package pdftex.def Info: images/41.PNG  used on input line 256.
(pdftex.def)             Requested size: 273.14923pt x 176.94711pt.

Overfull \hbox (82.21535pt too wide) detected at line 263
\OML/cmm/m/it/10 f\OT1/cmr/m/n/10 (\OML/cmm/m/it/10 x[]; x[]\OT1/cmr/m/n/10 ) =
 (1 + (\OML/cmm/m/it/10 x[] \OT1/cmr/m/n/10 + \OML/cmm/m/it/10 x[] \OT1/cmr/m/n
/10 + 1)[] \OMS/cmsy/m/n/10 ^^C \OT1/cmr/m/n/10 (19 \OMS/cmsy/m/n/10 ^^@ \OT1/c
mr/m/n/10 14\OML/cmm/m/it/10 x[] \OT1/cmr/m/n/10 + 3\OML/cmm/m/it/10 x[] \OMS/c
msy/m/n/10 ^^@ \OT1/cmr/m/n/10 14\OML/cmm/m/it/10 x[] \OT1/cmr/m/n/10 + 6\OML/c
mm/m/it/10 x[]x[] \OT1/cmr/m/n/10 + 3\OML/cmm/m/it/10 x[]\OT1/cmr/m/n/10 )) \OM
S/cmsy/m/n/10 ^^C \OT1/cmr/m/n/10 (30 + (2\OML/cmm/m/it/10 x[] \OMS/cmsy/m/n/10
 ^^@ \OT1/cmr/m/n/10 3\OML/cmm/m/it/10 x[]\OT1/cmr/m/n/10 )[] \OMS/cmsy/m/n/10 
^^C \OT1/cmr/m/n/10 (18 \OMS/cmsy/m/n/10 ^^@ \OT1/cmr/m/n/10 32\OML/cmm/m/it/10
 x[] \OT1/cmr/m/n/10 + 12\OML/cmm/m/it/10 x[] \OT1/cmr/m/n/10 + 48\OML/cmm/m/it
/10 x[] \OMS/cmsy/m/n/10 ^^@ \OT1/cmr/m/n/10 36\OML/cmm/m/it/10 x[]x[] \OT1/cmr
/m/n/10 + 27\OML/cmm/m/it/10 x[]\OT1/cmr/m/n/10 ))
 []

[10pdfTeX warning (ext4): destination with the same identifier (name{figure.13}
) has been already used, duplicate ignored

\AtBegShi@Output ...ipout \box \AtBeginShipoutBox 
                                                  \fi \fi 
l.263 ...{1}^2+48x_{2}-36x_{1}x_{2}+27x_{2}^2))$$.
                                                   Wpierw na rysunku \ref{fi...
pdfTeX warning (ext4): destination with the same identifier (name{figure.14}) h
as been already used, duplicate ignored

\AtBegShi@Output ...ipout \box \AtBeginShipoutBox 
                                                  \fi \fi 
l.263 ...{1}^2+48x_{2}-36x_{1}x_{2}+27x_{2}^2))$$.
                                                   Wpierw na rysunku \ref{fi...
 <./images/31.PNG (PNG copy)> <./images/32.PNG> <./images/41.PNG>]
<images/71.PNG, id=262, 972.63374pt x 630.10406pt>
File: images/71.PNG Graphic file (type png)
<use images/71.PNG>
Package pdftex.def Info: images/71.PNG  used on input line 267.
(pdftex.def)             Requested size: 227.62206pt x 147.45914pt.
<images/72.PNG, id=263, 972.63374pt x 630.10406pt>
File: images/72.PNG Graphic file (type png)
<use images/72.PNG>
Package pdftex.def Info: images/72.PNG  used on input line 273.
(pdftex.def)             Requested size: 227.62206pt x 147.45914pt.

Overfull \hbox (2.22168pt too wide) in paragraph at lines 265--277
[][] [] 
 []

<images/81.PNG, id=265, 972.63374pt x 630.10406pt>
File: images/81.PNG Graphic file (type png)
<use images/81.PNG>
Package pdftex.def Info: images/81.PNG  used on input line 285.
(pdftex.def)             Requested size: 227.62206pt x 147.45914pt.
<images/82.PNG, id=266, 972.63374pt x 630.10406pt>
File: images/82.PNG Graphic file (type png)
<use images/82.PNG>
Package pdftex.def Info: images/82.PNG  used on input line 289.
(pdftex.def)             Requested size: 227.62206pt x 147.45914pt.

Overfull \hbox (2.22168pt too wide) in paragraph at lines 283--292
[][] []
 []

<images/91.PNG, id=268, 972.63374pt x 630.10406pt>
File: images/91.PNG Graphic file (type png)
<use images/91.PNG>
Package pdftex.def Info: images/91.PNG  used on input line 301.
(pdftex.def)             Requested size: 227.62206pt x 147.45914pt.
<images/92.PNG, id=269, 972.63374pt x 630.10406pt>
File: images/92.PNG Graphic file (type png)
<use images/92.PNG>
Package pdftex.def Info: images/92.PNG  used on input line 305.
(pdftex.def)             Requested size: 227.62206pt x 147.45914pt.

Overfull \hbox (2.22168pt too wide) in paragraph at lines 299--308
[][] []
 []

[11pdfTeX warning (ext4): destination with the same identifier (name{figure.15}
) has been already used, duplicate ignored

\AtBegShi@Output ...ipout \box \AtBeginShipoutBox 
                                                  \fi \fi 
l.310 
      pdfTeX warning (ext4): destination with the same identifier (name{figure.
16}) has been already used, duplicate ignored

\AtBegShi@Output ...ipout \box \AtBeginShipoutBox 
                                                  \fi \fi 
l.310 
      pdfTeX warning (ext4): destination with the same identifier (name{figure.
17}) has been already used, duplicate ignored

\AtBegShi@Output ...ipout \box \AtBeginShipoutBox 
                                                  \fi \fi 
l.310 
       <./images/71.PNG> <./images/72.PNG> <./images/81.PNG> <./images/82.PNG>]

Underfull \hbox (badness 10000) in paragraph at lines 317--318

 []

[12pdfTeX warning (ext4): destination with the same identifier (name{figure.18}
) has been already used, duplicate ignored

\AtBegShi@Output ...ipout \box \AtBeginShipoutBox 
                                                  \fi \fi 
l.323 \newpage
               <./images/91.PNG> <./images/92.PNG>] (./HS.bbl
Overfull \hbox (49.39209pt too wide) in paragraph at lines 16--21
[]\T1/cmr/m/n/10 Mariusz Gro-mada.  Ma-th-par-ser.  https://mvnrepository.com/a
rtifact/org.mariuszgromada.math/MathParser.org-
 []

) [13]
Package atveryend Info: Empty hook `BeforeClearDocument' on input line 327.
Package atveryend Info: Empty hook `AfterLastShipout' on input line 327.
 (./HS.aux)
Package atveryend Info: Executing hook `AtVeryEndDocument' on input line 327.
Package atveryend Info: Executing hook `AtEndAfterFileList' on input line 327.
Package rerunfilecheck Info: File `HS.out' has not changed.
(rerunfilecheck)             Checksum: 81583337ED29FB3BDDF60C2A5256526C;3974.


LaTeX Warning: There were undefined references.

Package atveryend Info: Empty hook `AtVeryVeryEnd' on input line 327.
 ) 
Here is how much of TeX's memory you used:
 46408 strings out of 492649
 937584 string characters out of 6129127
 1022329 words of memory out of 5000000
 49674 multiletter control sequences out of 15000+600000
 545094 words of font info for 50 fonts, out of 8000000 for 9000
 1141 hyphenation exceptions out of 8191
 156i,13n,191p,2833b,4137s stack positions out of 5000i,500n,10000p,200000b,80000s
{d:/Programy/texlive/2018/texmf-dist/fonts/enc/dvips/cm-super/cm-super-t1.enc
}<d:/Programy/texlive/2018/texmf-dist/fonts/type1/public/amsfonts/cm/cmmi10.pfb
><d:/Programy/texlive/2018/texmf-dist/fonts/type1/public/amsfonts/cm/cmmi7.pfb>
<d:/Programy/texlive/2018/texmf-dist/fonts/type1/public/amsfonts/cm/cmr10.pfb><
d:/Programy/texlive/2018/texmf-dist/fonts/type1/public/amsfonts/cm/cmr5.pfb><d:
/Programy/texlive/2018/texmf-dist/fonts/type1/public/amsfonts/cm/cmr7.pfb><d:/P
rogramy/texlive/2018/texmf-dist/fonts/type1/public/amsfonts/cm/cmsy10.pfb><d:/P
rogramy/texlive/2018/texmf-dist/fonts/type1/public/amsfonts/cm/cmsy7.pfb><d:/Pr
ogramy/texlive/2018/texmf-dist/fonts/type1/public/amsfonts/cm/cmtt10.pfb><d:/Pr
ogramy/texlive/2018/texmf-dist/fonts/type1/public/cm-super/sfbx1000.pfb><d:/Pro
gramy/texlive/2018/texmf-dist/fonts/type1/public/cm-super/sfbx1200.pfb><d:/Prog
ramy/texlive/2018/texmf-dist/fonts/type1/public/cm-super/sfbx1440.pfb><d:/Progr
amy/texlive/2018/texmf-dist/fonts/type1/public/cm-super/sfbx2074.pfb><d:/Progra
my/texlive/2018/texmf-dist/fonts/type1/public/cm-super/sfcc1200.pfb><d:/Program
y/texlive/2018/texmf-dist/fonts/type1/public/cm-super/sfcc1440.pfb><d:/Programy
/texlive/2018/texmf-dist/fonts/type1/public/cm-super/sfcc1728.pfb><d:/Programy/
texlive/2018/texmf-dist/fonts/type1/public/cm-super/sfrm1000.pfb><d:/Programy/t
exlive/2018/texmf-dist/fonts/type1/public/cm-super/sfrm1200.pfb><d:/Programy/te
xlive/2018/texmf-dist/fonts/type1/public/cm-super/sfti1000.pfb><d:/Programy/tex
live/2018/texmf-dist/fonts/type1/public/cm-super/sfti1200.pfb><d:/Programy/texl
ive/2018/texmf-dist/fonts/type1/public/cm-super/sftt1000.pfb>
Output written on HS.pdf (14 pages, 2138918 bytes).
PDF statistics:
 375 PDF objects out of 1000 (max. 8388607)
 314 compressed objects within 4 object streams
 64 named destinations out of 1000 (max. 500000)
 327 words of extra memory for PDF output out of 10000 (max. 10000000)

