\BOOKMARK [1][-]{section.1}{\376\377\000S\000f\000o\000r\000m\000u\001\102\000o\000w\000a\000n\000i\000e\000\040\000z\000a\000d\000a\000n\000i\000a\000\040\000o\000p\000t\000y\000m\000a\000l\000i\000z\000a\000c\000j\000i}{}% 1
\BOOKMARK [1][-]{section.2}{\376\377\000S\000z\000c\000z\000e\000g\000\363\001\102\000o\000w\000e\000\040\000o\000m\000\363\000w\000i\000e\000n\000i\000e\000\040\000a\000l\000g\000o\000r\000y\000t\000m\000u\000\040\000o\000p\000t\000y\000m\000a\000l\000i\000z\000a\000c\000j\000i}{}% 2
\BOOKMARK [1][-]{section.3}{\376\377\000I\000n\000f\000o\000r\000m\000a\000c\000j\000e\000\040\000o\000\040\000p\000r\000o\000g\000r\000a\000m\000i\000e}{}% 3
\BOOKMARK [2][-]{subsection.3.1}{\376\377\001\132\000r\000o\000d\000o\000w\000i\000s\000k\000o\000\040\000p\000r\000o\000g\000r\000a\000m\000i\000s\000t\000y\000c\000z\000n\000e\000,\000\040\000z\000a\000s\000t\000o\000s\000o\000w\000a\000n\000e\000\040\000b\000i\000b\000l\000i\000o\000t\000e\000k\000i\000\040\000i\000\040\000g\000o\000t\000o\000w\000e\000\040\000m\000o\000d\000u\001\102\000y}{section.3}% 4
\BOOKMARK [2][-]{subsection.3.2}{\376\377\000P\000a\000r\000a\000m\000e\000t\000r\000y}{section.3}% 5
\BOOKMARK [2][-]{subsection.3.3}{\376\377\000W\000y\000k\000r\000e\000s}{section.3}% 6
\BOOKMARK [2][-]{subsection.3.4}{\376\377\000T\000a\000b\000e\000l\000a\000\040\000r\000o\000z\000w\000i\001\005\000z\000a\001\104}{section.3}% 7
\BOOKMARK [1][-]{section.4}{\376\377\000P\000r\000z\000y\000k\001\102\000a\000d\000y\000\040\000r\000o\000z\000w\000i\001\005\000z\000a\001\104\000\040\000o\000r\000a\000z\000\040\000t\000e\000s\000t\000y}{}% 8
\BOOKMARK [2][-]{subsection.4.1}{\376\377\000F\000u\000n\000k\000c\000j\000a\000\040\000c\000z\000t\000e\000r\000e\000c\000h\000\040\000m\000i\000n\000i\000m\000\363\000w}{section.4}% 9
\BOOKMARK [3][-]{subsubsection.4.1.1}{\376\377\000W\000y\000z\000n\000a\000c\000z\000e\000n\000i\000e\000\040\000w\000s\000z\000y\000s\000t\000k\000i\000c\000h\000\040\000m\000i\000n\000i\000m\000\363\000w}{subsection.4.1}% 10
\BOOKMARK [2][-]{subsection.4.2}{\376\377\000F\000u\000n\000k\000c\000j\000a\000\040\000t\000e\000s\000t\000o\000w\000a\000\040\000G\000e\000e\000m\000a}{section.4}% 11
\BOOKMARK [3][-]{subsubsection.4.2.1}{\376\377\000Z\000m\000i\000a\000n\000a\000\040\000z\000a\000k\000r\000e\000s\000u\000\040\000d\000l\000a\000\040\000a\000r\000g\000u\000m\000e\000n\000t\000\363\000w}{subsection.4.2}% 12
\BOOKMARK [2][-]{subsection.4.3}{\376\377\000F\000u\000n\000k\000c\000j\000a\000\040\000R\000a\000s\000t\000r\000i\000g\000i\000n\000a\000\040\000d\000l\000a\000\040\000n\000\040\000=\000\040\0003\000\040}{section.4}% 13
\BOOKMARK [2][-]{subsection.4.4}{\376\377\000F\000u\000n\000k\000c\000j\000a\000\040\000H\000i\000m\000m\000e\000l\000b\000l\000a\000u}{section.4}% 14
\BOOKMARK [2][-]{subsection.4.5}{\376\377\000F\000u\000n\000k\000c\000j\000a\000\040\000G\000o\000l\000d\000s\000t\000e\000i\000n\000a\000-\000P\000r\000i\000c\000e\040\031\000a\000\040\000z\000\040\000c\000z\000t\000e\000r\000e\000m\000a\000\040\000m\000i\000n\000i\000m\000a\000m\000i\000\040\000l\000o\000k\000a\000l\000n\000y\000m\000i}{section.4}% 15
\BOOKMARK [2][-]{subsection.4.6}{\376\377\000D\000w\000u\000w\000y\000m\000i\000a\000r\000o\000w\000a\000\040\000f\000u\000n\000k\000c\000j\000a\000\040\000s\000i\000n\000u\000s\000o\000i\000d\000a\000l\000n\000a}{section.4}% 16
\BOOKMARK [2][-]{subsection.4.7}{\376\377\000D\000w\000u\000w\000y\000m\000i\000a\000r\000o\000w\000a\000\040\000f\000u\000n\000k\000c\000j\000a\000\040\000s\000i\000n\000u\000s\000o\000i\000d\000a\000l\000n\000a\000\040\000z\000\040\000e\000k\000s\000p\000o\000n\000e\000n\000t\001\005}{section.4}% 17
\BOOKMARK [2][-]{subsection.4.8}{\376\377\000P\000o\000d\000s\000u\000m\000o\000w\000a\000n\000i\000e}{section.4}% 18
\BOOKMARK [1][-]{section.5}{\376\377\000W\000n\000i\000o\000s\000k\000i\000\040\000k\000o\001\104\000c\000o\000w\000e}{}% 19
\BOOKMARK [1][-]{section.5}{\376\377\000L\000i\000t\000e\000r\000a\000t\000u\000r\000a}{}% 20
